{"D:\\Classified\\OSlash Assignment\\src\\App.tsx": {"path":"D:\\Classified\\OSlash Assignment\\src\\App.tsx","statementMap":{"0":{"start":{"line":6,"column":2},"end":{"line":10,"column":4}}},"fnMap":{"0":{"name":"App","decl":{"start":{"line":5,"column":9},"end":{"line":5,"column":12}},"loc":{"start":{"line":5,"column":15},"end":{"line":11,"column":1}},"line":5}},"branchMap":{},"s":{"0":2},"f":{"0":2},"b":{},"_coverageSchema":"1a1c01bbd47fc00a2c39e90264f33305004495a9","hash":"ee44bce8de99fb3c11671ca933ab07fed50454f4"}
,"D:\\Classified\\OSlash Assignment\\src\\featuresPageData.ts": {"path":"D:\\Classified\\OSlash Assignment\\src\\featuresPageData.ts","statementMap":{"0":{"start":{"line":6,"column":32},"end":{"line":31,"column":1}},"1":{"start":{"line":33,"column":34},"end":{"line":44,"column":1}},"2":{"start":{"line":46,"column":31},"end":{"line":1407,"column":1}}},"fnMap":{},"branchMap":{},"s":{"0":1,"1":1,"2":1},"f":{},"b":{},"_coverageSchema":"1a1c01bbd47fc00a2c39e90264f33305004495a9","hash":"afa7d56512426729c516bb96e856179556db24c9"}
,"D:\\Classified\\OSlash Assignment\\src\\goToTop.js": {"path":"D:\\Classified\\OSlash Assignment\\src\\goToTop.js","statementMap":{"0":{"start":{"line":6,"column":22},"end":{"line":6,"column":35}},"1":{"start":{"line":7,"column":18},"end":{"line":9,"column":5}},"2":{"start":{"line":8,"column":8},"end":{"line":8,"column":30}},"3":{"start":{"line":10,"column":4},"end":{"line":12,"column":20}},"4":{"start":{"line":11,"column":8},"end":{"line":11,"column":15}},"5":{"start":{"line":14,"column":4},"end":{"line":14,"column":16}}},"fnMap":{"0":{"name":"GoToTop","decl":{"start":{"line":5,"column":24},"end":{"line":5,"column":31}},"loc":{"start":{"line":5,"column":34},"end":{"line":15,"column":1}},"line":5},"1":{"name":"(anonymous_1)","decl":{"start":{"line":7,"column":18},"end":{"line":7,"column":19}},"loc":{"start":{"line":7,"column":24},"end":{"line":9,"column":5}},"line":7},"2":{"name":"(anonymous_2)","decl":{"start":{"line":10,"column":14},"end":{"line":10,"column":15}},"loc":{"start":{"line":10,"column":20},"end":{"line":12,"column":5}},"line":10}},"branchMap":{},"s":{"0":0,"1":0,"2":0,"3":0,"4":0,"5":0},"f":{"0":0,"1":0,"2":0},"b":{},"_coverageSchema":"1a1c01bbd47fc00a2c39e90264f33305004495a9","hash":"8758dec20a4d7a786645228b957b1fd699fdd252"}
,"D:\\Classified\\OSlash Assignment\\src\\index.tsx": {"path":"D:\\Classified\\OSlash Assignment\\src\\index.tsx","statementMap":{"0":{"start":{"line":7,"column":0},"end":{"line":12,"column":2}},"1":{"start":{"line":17,"column":0},"end":{"line":17,"column":18}}},"fnMap":{},"branchMap":{},"s":{"0":0,"1":0},"f":{},"b":{}}
,"D:\\Classified\\OSlash Assignment\\src\\reportWebVitals.ts": {"path":"D:\\Classified\\OSlash Assignment\\src\\reportWebVitals.ts","statementMap":{"0":{"start":{"line":3,"column":24},"end":{"line":13,"column":1}},"1":{"start":{"line":4,"column":2},"end":{"line":12,"column":3}},"2":{"start":{"line":5,"column":4},"end":{"line":11,"column":7}},"3":{"start":{"line":6,"column":6},"end":{"line":6,"column":26}},"4":{"start":{"line":7,"column":6},"end":{"line":7,"column":26}},"5":{"start":{"line":8,"column":6},"end":{"line":8,"column":26}},"6":{"start":{"line":9,"column":6},"end":{"line":9,"column":26}},"7":{"start":{"line":10,"column":6},"end":{"line":10,"column":27}}},"fnMap":{"0":{"name":"(anonymous_0)","decl":{"start":{"line":3,"column":24},"end":{"line":3,"column":25}},"loc":{"start":{"line":3,"column":57},"end":{"line":13,"column":1}},"line":3},"1":{"name":"(anonymous_1)","decl":{"start":{"line":5,"column":30},"end":{"line":5,"column":31}},"loc":{"start":{"line":5,"column":79},"end":{"line":11,"column":5}},"line":5}},"branchMap":{"0":{"loc":{"start":{"line":4,"column":2},"end":{"line":12,"column":3}},"type":"if","locations":[{"start":{"line":4,"column":2},"end":{"line":12,"column":3}},{"start":{},"end":{}}],"line":4},"1":{"loc":{"start":{"line":4,"column":6},"end":{"line":4,"column":52}},"type":"binary-expr","locations":[{"start":{"line":4,"column":6},"end":{"line":4,"column":17}},{"start":{"line":4,"column":21},"end":{"line":4,"column":52}}],"line":4}},"s":{"0":0,"1":0,"2":0,"3":0,"4":0,"5":0,"6":0,"7":0},"f":{"0":0,"1":0},"b":{"0":[0,0],"1":[0,0]}}
,"D:\\Classified\\OSlash Assignment\\src\\components\\Banner.tsx": {"path":"D:\\Classified\\OSlash Assignment\\src\\components\\Banner.tsx","statementMap":{"0":{"start":{"line":1,"column":15},"end":{"line":15,"column":1}},"1":{"start":{"line":2,"column":72},"end":{"line":2,"column":77}},"2":{"start":{"line":4,"column":2},"end":{"line":14,"column":4}},"3":{"start":{"line":10,"column":37},"end":{"line":10,"column":54}}},"fnMap":{"0":{"name":"(anonymous_0)","decl":{"start":{"line":1,"column":15},"end":{"line":1,"column":16}},"loc":{"start":{"line":1,"column":31},"end":{"line":15,"column":1}},"line":1},"1":{"name":"(anonymous_1)","decl":{"start":{"line":10,"column":33},"end":{"line":10,"column":34}},"loc":{"start":{"line":10,"column":37},"end":{"line":10,"column":54}},"line":10}},"branchMap":{},"s":{"0":1,"1":2,"2":2,"3":0},"f":{"0":2,"1":0},"b":{},"_coverageSchema":"1a1c01bbd47fc00a2c39e90264f33305004495a9","hash":"e75878f95e3f77a218c0530afa463899f5809a52"}
,"D:\\Classified\\OSlash Assignment\\src\\components\\Feature.tsx": {"path":"D:\\Classified\\OSlash Assignment\\src\\components\\Feature.tsx","statementMap":{"0":{"start":{"line":4,"column":16},"end":{"line":43,"column":1}},"1":{"start":{"line":5,"column":24},"end":{"line":5,"column":29}},"2":{"start":{"line":6,"column":20},"end":{"line":6,"column":32}},"3":{"start":{"line":8,"column":27},"end":{"line":13,"column":5}},"4":{"start":{"line":9,"column":8},"end":{"line":12,"column":11}},"5":{"start":{"line":15,"column":4},"end":{"line":42,"column":6}},"6":{"start":{"line":31,"column":51},"end":{"line":31,"column":87}}},"fnMap":{"0":{"name":"(anonymous_0)","decl":{"start":{"line":4,"column":16},"end":{"line":4,"column":17}},"loc":{"start":{"line":4,"column":32},"end":{"line":43,"column":1}},"line":4},"1":{"name":"(anonymous_1)","decl":{"start":{"line":8,"column":27},"end":{"line":8,"column":28}},"loc":{"start":{"line":8,"column":50},"end":{"line":13,"column":5}},"line":8},"2":{"name":"(anonymous_2)","decl":{"start":{"line":31,"column":45},"end":{"line":31,"column":46}},"loc":{"start":{"line":31,"column":51},"end":{"line":31,"column":87}},"line":31}},"branchMap":{},"s":{"0":1,"1":4,"2":3,"3":3,"4":0,"5":3,"6":0},"f":{"0":4,"1":0,"2":0},"b":{},"_coverageSchema":"1a1c01bbd47fc00a2c39e90264f33305004495a9","hash":"fd291565d89089a6a0ed48cf4f9afe0a18522e0e"}
,"D:\\Classified\\OSlash Assignment\\src\\components\\FeatureGrid.tsx": {"path":"D:\\Classified\\OSlash Assignment\\src\\components\\FeatureGrid.tsx","statementMap":{"0":{"start":{"line":3,"column":20},"end":{"line":13,"column":1}},"1":{"start":{"line":4,"column":29},"end":{"line":4,"column":34}},"2":{"start":{"line":6,"column":2},"end":{"line":12,"column":4}},"3":{"start":{"line":9,"column":8},"end":{"line":9,"column":39}}},"fnMap":{"0":{"name":"(anonymous_0)","decl":{"start":{"line":3,"column":20},"end":{"line":3,"column":21}},"loc":{"start":{"line":3,"column":36},"end":{"line":13,"column":1}},"line":3},"1":{"name":"(anonymous_1)","decl":{"start":{"line":8,"column":26},"end":{"line":8,"column":27}},"loc":{"start":{"line":9,"column":8},"end":{"line":9,"column":39}},"line":9}},"branchMap":{},"s":{"0":1,"1":2,"2":1,"3":3},"f":{"0":2,"1":3},"b":{},"_coverageSchema":"1a1c01bbd47fc00a2c39e90264f33305004495a9","hash":"0ca01d3f3f7027c53ea69a2866ab8d22f632d208"}
,"D:\\Classified\\OSlash Assignment\\src\\components\\FeatureSection.tsx": {"path":"D:\\Classified\\OSlash Assignment\\src\\components\\FeatureSection.tsx","statementMap":{"0":{"start":{"line":3,"column":23},"end":{"line":13,"column":1}},"1":{"start":{"line":4,"column":24},"end":{"line":4,"column":29}},"2":{"start":{"line":6,"column":4},"end":{"line":12,"column":6}}},"fnMap":{"0":{"name":"(anonymous_0)","decl":{"start":{"line":3,"column":23},"end":{"line":3,"column":24}},"loc":{"start":{"line":3,"column":39},"end":{"line":13,"column":1}},"line":3}},"branchMap":{},"s":{"0":1,"1":2,"2":1},"f":{"0":2},"b":{},"_coverageSchema":"1a1c01bbd47fc00a2c39e90264f33305004495a9","hash":"a9475ee783335c66dfd31647ea6a1392e554eb38"}
,"D:\\Classified\\OSlash Assignment\\src\\components\\HomePage.tsx": {"path":"D:\\Classified\\OSlash Assignment\\src\\components\\HomePage.tsx","statementMap":{"0":{"start":{"line":9,"column":17},"end":{"line":37,"column":1}},"1":{"start":{"line":10,"column":30},"end":{"line":10,"column":35}},"2":{"start":{"line":12,"column":2},"end":{"line":36,"column":4}}},"fnMap":{"0":{"name":"(anonymous_0)","decl":{"start":{"line":9,"column":17},"end":{"line":9,"column":18}},"loc":{"start":{"line":9,"column":33},"end":{"line":37,"column":1}},"line":9}},"branchMap":{},"s":{"0":1,"1":2,"2":1},"f":{"0":2},"b":{},"_coverageSchema":"1a1c01bbd47fc00a2c39e90264f33305004495a9","hash":"7bb0bc4cf005f018145d93ae8aa4a0adbfdfc817"}
,"D:\\Classified\\OSlash Assignment\\src\\components\\Modal.tsx": {"path":"D:\\Classified\\OSlash Assignment\\src\\components\\Modal.tsx","statementMap":{"0":{"start":{"line":3,"column":14},"end":{"line":32,"column":1}},"1":{"start":{"line":4,"column":34},"end":{"line":4,"column":39}},"2":{"start":{"line":5,"column":4},"end":{"line":31,"column":13}}},"fnMap":{"0":{"name":"(anonymous_0)","decl":{"start":{"line":3,"column":14},"end":{"line":3,"column":15}},"loc":{"start":{"line":3,"column":30},"end":{"line":32,"column":1}},"line":3}},"branchMap":{"0":{"loc":{"start":{"line":5,"column":11},"end":{"line":31,"column":12}},"type":"cond-expr","locations":[{"start":{"line":6,"column":8},"end":{"line":30,"column":14}},{"start":{"line":31,"column":8},"end":{"line":31,"column":12}}],"line":5}},"s":{"0":1,"1":1,"2":1},"f":{"0":1},"b":{"0":[0,1]},"_coverageSchema":"1a1c01bbd47fc00a2c39e90264f33305004495a9","hash":"207b8dc33426e4510d869a10ddab4286ca4ff19f"}
,"D:\\Classified\\OSlash Assignment\\src\\components\\MovieLounge.tsx": {"path":"D:\\Classified\\OSlash Assignment\\src\\components\\MovieLounge.tsx","statementMap":{"0":{"start":{"line":7,"column":20},"end":{"line":43,"column":1}},"1":{"start":{"line":8,"column":53},"end":{"line":8,"column":58}},"2":{"start":{"line":9,"column":43},"end":{"line":9,"column":61}},"3":{"start":{"line":11,"column":28},"end":{"line":11,"column":43}},"4":{"start":{"line":13,"column":24},"end":{"line":15,"column":5}},"5":{"start":{"line":14,"column":8},"end":{"line":14,"column":23}},"6":{"start":{"line":17,"column":4},"end":{"line":42,"column":6}},"7":{"start":{"line":28,"column":20},"end":{"line":30,"column":30}}},"fnMap":{"0":{"name":"(anonymous_0)","decl":{"start":{"line":7,"column":20},"end":{"line":7,"column":21}},"loc":{"start":{"line":7,"column":36},"end":{"line":43,"column":1}},"line":7},"1":{"name":"(anonymous_1)","decl":{"start":{"line":13,"column":24},"end":{"line":13,"column":25}},"loc":{"start":{"line":13,"column":30},"end":{"line":15,"column":5}},"line":13},"2":{"name":"(anonymous_2)","decl":{"start":{"line":27,"column":38},"end":{"line":27,"column":39}},"loc":{"start":{"line":28,"column":20},"end":{"line":30,"column":30}},"line":28}},"branchMap":{},"s":{"0":1,"1":2,"2":1,"3":1,"4":1,"5":0,"6":1,"7":1},"f":{"0":2,"1":0,"2":1},"b":{},"_coverageSchema":"1a1c01bbd47fc00a2c39e90264f33305004495a9","hash":"5da1cba7d1564cc49ab6e0ca9d8ab1de9508baa2"}
,"D:\\Classified\\OSlash Assignment\\src\\components\\MovieHall\\Checkout.tsx": {"path":"D:\\Classified\\OSlash Assignment\\src\\components\\MovieHall\\Checkout.tsx","statementMap":{"0":{"start":{"line":5,"column":17},"end":{"line":82,"column":1}},"1":{"start":{"line":6,"column":21},"end":{"line":6,"column":34}},"2":{"start":{"line":7,"column":20},"end":{"line":7,"column":32}},"3":{"start":{"line":8,"column":74},"end":{"line":8,"column":88}},"4":{"start":{"line":9,"column":25},"end":{"line":9,"column":75}},"5":{"start":{"line":11,"column":24},"end":{"line":27,"column":5}},"6":{"start":{"line":12,"column":24},"end":{"line":12,"column":70}},"7":{"start":{"line":14,"column":8},"end":{"line":26,"column":9}},"8":{"start":{"line":15,"column":12},"end":{"line":18,"column":15}},"9":{"start":{"line":19,"column":12},"end":{"line":19,"column":37}},"10":{"start":{"line":22,"column":12},"end":{"line":25,"column":15}},"11":{"start":{"line":28,"column":4},"end":{"line":80,"column":5}},"12":{"start":{"line":44,"column":98},"end":{"line":44,"column":111}}},"fnMap":{"0":{"name":"(anonymous_0)","decl":{"start":{"line":5,"column":17},"end":{"line":5,"column":18}},"loc":{"start":{"line":5,"column":23},"end":{"line":82,"column":1}},"line":5},"1":{"name":"(anonymous_1)","decl":{"start":{"line":11,"column":24},"end":{"line":11,"column":25}},"loc":{"start":{"line":11,"column":30},"end":{"line":27,"column":5}},"line":11},"2":{"name":"(anonymous_2)","decl":{"start":{"line":44,"column":92},"end":{"line":44,"column":93}},"loc":{"start":{"line":44,"column":98},"end":{"line":44,"column":111}},"line":44}},"branchMap":{"0":{"loc":{"start":{"line":14,"column":8},"end":{"line":26,"column":9}},"type":"if","locations":[{"start":{"line":14,"column":8},"end":{"line":26,"column":9}},{"start":{"line":21,"column":13},"end":{"line":26,"column":9}}],"line":14}},"s":{"0":2,"1":3,"2":3,"3":3,"4":3,"5":3,"6":1,"7":1,"8":0,"9":0,"10":1,"11":3,"12":1},"f":{"0":3,"1":1,"2":1},"b":{"0":[0,1]},"_coverageSchema":"1a1c01bbd47fc00a2c39e90264f33305004495a9","hash":"f056b98b950dfa39767b7311e93bd14fd8006530"}
,"D:\\Classified\\OSlash Assignment\\src\\components\\MovieHall\\Seat.tsx": {"path":"D:\\Classified\\OSlash Assignment\\src\\components\\MovieHall\\Seat.tsx","statementMap":{"0":{"start":{"line":6,"column":13},"end":{"line":42,"column":1}},"1":{"start":{"line":7,"column":88},"end":{"line":7,"column":93}},"2":{"start":{"line":8,"column":4},"end":{"line":8,"column":23}},"3":{"start":{"line":10,"column":21},"end":{"line":18,"column":5}},"4":{"start":{"line":11,"column":8},"end":{"line":13,"column":9}},"5":{"start":{"line":12,"column":12},"end":{"line":12,"column":31}},"6":{"start":{"line":14,"column":8},"end":{"line":16,"column":9}},"7":{"start":{"line":15,"column":12},"end":{"line":15,"column":30}},"8":{"start":{"line":17,"column":8},"end":{"line":17,"column":28}},"9":{"start":{"line":20,"column":24},"end":{"line":22,"column":5}},"10":{"start":{"line":21,"column":8},"end":{"line":21,"column":53}},"11":{"start":{"line":24,"column":4},"end":{"line":41,"column":6}},"12":{"start":{"line":33,"column":43},"end":{"line":33,"column":56}}},"fnMap":{"0":{"name":"(anonymous_0)","decl":{"start":{"line":6,"column":13},"end":{"line":6,"column":14}},"loc":{"start":{"line":6,"column":29},"end":{"line":42,"column":1}},"line":6},"1":{"name":"(anonymous_1)","decl":{"start":{"line":10,"column":21},"end":{"line":10,"column":22}},"loc":{"start":{"line":10,"column":27},"end":{"line":18,"column":5}},"line":10},"2":{"name":"(anonymous_2)","decl":{"start":{"line":20,"column":24},"end":{"line":20,"column":25}},"loc":{"start":{"line":20,"column":30},"end":{"line":22,"column":5}},"line":20},"3":{"name":"(anonymous_3)","decl":{"start":{"line":33,"column":37},"end":{"line":33,"column":38}},"loc":{"start":{"line":33,"column":43},"end":{"line":33,"column":56}},"line":33}},"branchMap":{"0":{"loc":{"start":{"line":11,"column":8},"end":{"line":13,"column":9}},"type":"if","locations":[{"start":{"line":11,"column":8},"end":{"line":13,"column":9}},{"start":{},"end":{}}],"line":11},"1":{"loc":{"start":{"line":14,"column":8},"end":{"line":16,"column":9}},"type":"if","locations":[{"start":{"line":14,"column":8},"end":{"line":16,"column":9}},{"start":{},"end":{}}],"line":14},"2":{"loc":{"start":{"line":21,"column":8},"end":{"line":21,"column":52}},"type":"binary-expr","locations":[{"start":{"line":21,"column":8},"end":{"line":21,"column":17}},{"start":{"line":21,"column":21},"end":{"line":21,"column":52}}],"line":21},"3":{"loc":{"start":{"line":27,"column":16},"end":{"line":38,"column":80}},"type":"cond-expr","locations":[{"start":{"line":28,"column":20},"end":{"line":36,"column":26}},{"start":{"line":38,"column":20},"end":{"line":38,"column":80}}],"line":27}},"s":{"0":2,"1":6,"2":6,"3":6,"4":5,"5":1,"6":4,"7":2,"8":2,"9":6,"10":2,"11":6,"12":2},"f":{"0":6,"1":5,"2":2,"3":2},"b":{"0":[1,4],"1":[2,2],"2":[2,1],"3":[5,1]},"_coverageSchema":"1a1c01bbd47fc00a2c39e90264f33305004495a9","hash":"4e9866749115e802a0fa98c74efd3b2d3cfc1565"}
,"D:\\Classified\\OSlash Assignment\\src\\components\\MovieHall\\Theater.tsx": {"path":"D:\\Classified\\OSlash Assignment\\src\\components\\MovieHall\\Theater.tsx","statementMap":{"0":{"start":{"line":9,"column":16},"end":{"line":147,"column":1}},"1":{"start":{"line":10,"column":32},"end":{"line":10,"column":37}},"2":{"start":{"line":11,"column":20},"end":{"line":11,"column":32}},"3":{"start":{"line":12,"column":21},"end":{"line":12,"column":34}},"4":{"start":{"line":13,"column":63},"end":{"line":13,"column":99}},"5":{"start":{"line":15,"column":42},"end":{"line":15,"column":67}},"6":{"start":{"line":16,"column":42},"end":{"line":16,"column":108}},"7":{"start":{"line":17,"column":44},"end":{"line":17,"column":101}},"8":{"start":{"line":18,"column":31},"end":{"line":18,"column":42}},"9":{"start":{"line":20,"column":29},"end":{"line":50,"column":5}},"10":{"start":{"line":21,"column":19},"end":{"line":21,"column":34}},"11":{"start":{"line":22,"column":8},"end":{"line":48,"column":11}},"12":{"start":{"line":23,"column":12},"end":{"line":46,"column":13}},"13":{"start":{"line":24,"column":16},"end":{"line":45,"column":18}},"14":{"start":{"line":25,"column":20},"end":{"line":43,"column":21}},"15":{"start":{"line":26,"column":38},"end":{"line":26,"column":78}},"16":{"start":{"line":27,"column":24},"end":{"line":41,"column":25}},"17":{"start":{"line":28,"column":28},"end":{"line":28,"column":67}},"18":{"start":{"line":29,"column":28},"end":{"line":29,"column":70}},"19":{"start":{"line":32,"column":49},"end":{"line":38,"column":30}},"20":{"start":{"line":33,"column":32},"end":{"line":35,"column":33}},"21":{"start":{"line":34,"column":36},"end":{"line":34,"column":49}},"22":{"start":{"line":37,"column":32},"end":{"line":37,"column":44}},"23":{"start":{"line":39,"column":28},"end":{"line":39,"column":70}},"24":{"start":{"line":40,"column":28},"end":{"line":40,"column":62}},"25":{"start":{"line":42,"column":24},"end":{"line":42,"column":74}},"26":{"start":{"line":44,"column":20},"end":{"line":44,"column":31}},"27":{"start":{"line":47,"column":12},"end":{"line":47,"column":27}},"28":{"start":{"line":49,"column":8},"end":{"line":49,"column":41}},"29":{"start":{"line":52,"column":32},"end":{"line":57,"column":5}},"30":{"start":{"line":53,"column":8},"end":{"line":56,"column":11}},"31":{"start":{"line":59,"column":24},"end":{"line":64,"column":5}},"32":{"start":{"line":60,"column":8},"end":{"line":62,"column":11}},"33":{"start":{"line":63,"column":8},"end":{"line":63,"column":33}},"34":{"start":{"line":66,"column":4},"end":{"line":66,"column":29}},"35":{"start":{"line":67,"column":4},"end":{"line":146,"column":5}},"36":{"start":{"line":83,"column":65},"end":{"line":83,"column":86}},"37":{"start":{"line":84,"column":65},"end":{"line":84,"column":78}},"38":{"start":{"line":100,"column":52},"end":{"line":133,"column":69}},"39":{"start":{"line":108,"column":64},"end":{"line":127,"column":69}},"40":{"start":{"line":115,"column":80},"end":{"line":123,"column":82}}},"fnMap":{"0":{"name":"(anonymous_0)","decl":{"start":{"line":9,"column":16},"end":{"line":9,"column":17}},"loc":{"start":{"line":9,"column":32},"end":{"line":147,"column":1}},"line":9},"1":{"name":"(anonymous_1)","decl":{"start":{"line":20,"column":29},"end":{"line":20,"column":30}},"loc":{"start":{"line":20,"column":63},"end":{"line":50,"column":5}},"line":20},"2":{"name":"(anonymous_2)","decl":{"start":{"line":22,"column":24},"end":{"line":22,"column":25}},"loc":{"start":{"line":22,"column":42},"end":{"line":48,"column":9}},"line":22},"3":{"name":"(anonymous_3)","decl":{"start":{"line":24,"column":58},"end":{"line":24,"column":59}},"loc":{"start":{"line":24,"column":72},"end":{"line":45,"column":17}},"line":24},"4":{"name":"(anonymous_4)","decl":{"start":{"line":32,"column":68},"end":{"line":32,"column":69}},"loc":{"start":{"line":32,"column":78},"end":{"line":38,"column":29}},"line":32},"5":{"name":"(anonymous_5)","decl":{"start":{"line":52,"column":32},"end":{"line":52,"column":33}},"loc":{"start":{"line":52,"column":38},"end":{"line":57,"column":5}},"line":52},"6":{"name":"(anonymous_6)","decl":{"start":{"line":59,"column":24},"end":{"line":59,"column":25}},"loc":{"start":{"line":59,"column":30},"end":{"line":64,"column":5}},"line":59},"7":{"name":"(anonymous_7)","decl":{"start":{"line":83,"column":57},"end":{"line":83,"column":58}},"loc":{"start":{"line":83,"column":63},"end":{"line":83,"column":88}},"line":83},"8":{"name":"(anonymous_8)","decl":{"start":{"line":84,"column":57},"end":{"line":84,"column":58}},"loc":{"start":{"line":84,"column":63},"end":{"line":84,"column":80}},"line":84},"9":{"name":"(anonymous_9)","decl":{"start":{"line":99,"column":64},"end":{"line":99,"column":65}},"loc":{"start":{"line":100,"column":52},"end":{"line":133,"column":69}},"line":100},"10":{"name":"(anonymous_10)","decl":{"start":{"line":107,"column":95},"end":{"line":107,"column":96}},"loc":{"start":{"line":108,"column":64},"end":{"line":127,"column":69}},"line":108},"11":{"name":"(anonymous_11)","decl":{"start":{"line":114,"column":93},"end":{"line":114,"column":94}},"loc":{"start":{"line":115,"column":80},"end":{"line":123,"column":82}},"line":115}},"branchMap":{"0":{"loc":{"start":{"line":13,"column":63},"end":{"line":13,"column":99}},"type":"cond-expr","locations":[{"start":{"line":13,"column":80},"end":{"line":13,"column":94}},{"start":{"line":13,"column":97},"end":{"line":13,"column":99}}],"line":13},"1":{"loc":{"start":{"line":16,"column":61},"end":{"line":16,"column":107}},"type":"cond-expr","locations":[{"start":{"line":16,"column":83},"end":{"line":16,"column":102}},{"start":{"line":16,"column":105},"end":{"line":16,"column":107}}],"line":16},"2":{"loc":{"start":{"line":17,"column":53},"end":{"line":17,"column":100}},"type":"cond-expr","locations":[{"start":{"line":17,"column":76},"end":{"line":17,"column":96}},{"start":{"line":17,"column":99},"end":{"line":17,"column":100}}],"line":17},"3":{"loc":{"start":{"line":23,"column":12},"end":{"line":46,"column":13}},"type":"if","locations":[{"start":{"line":23,"column":12},"end":{"line":46,"column":13}},{"start":{},"end":{}}],"line":23},"4":{"loc":{"start":{"line":25,"column":20},"end":{"line":43,"column":21}},"type":"if","locations":[{"start":{"line":25,"column":20},"end":{"line":43,"column":21}},{"start":{},"end":{}}],"line":25},"5":{"loc":{"start":{"line":27,"column":24},"end":{"line":41,"column":25}},"type":"if","locations":[{"start":{"line":27,"column":24},"end":{"line":41,"column":25}},{"start":{"line":31,"column":29},"end":{"line":41,"column":25}}],"line":27},"6":{"loc":{"start":{"line":33,"column":32},"end":{"line":35,"column":33}},"type":"if","locations":[{"start":{"line":33,"column":32},"end":{"line":35,"column":33}},{"start":{},"end":{}}],"line":33}},"s":{"0":1,"1":0,"2":0,"3":0,"4":0,"5":0,"6":0,"7":0,"8":0,"9":0,"10":0,"11":0,"12":0,"13":0,"14":0,"15":0,"16":0,"17":0,"18":0,"19":0,"20":0,"21":0,"22":0,"23":0,"24":0,"25":0,"26":0,"27":0,"28":0,"29":0,"30":0,"31":0,"32":0,"33":0,"34":0,"35":0,"36":0,"37":0,"38":0,"39":0,"40":0},"f":{"0":0,"1":0,"2":0,"3":0,"4":0,"5":0,"6":0,"7":0,"8":0,"9":0,"10":0,"11":0},"b":{"0":[0,0],"1":[0,0],"2":[0,0],"3":[0,0],"4":[0,0],"5":[0,0],"6":[0,0]},"_coverageSchema":"1a1c01bbd47fc00a2c39e90264f33305004495a9","hash":"1e68ae25fe4649d97088c0dab8630b5b88746991"}
}
