TN:
SF:src\App.tsx
FN:5,App
FNF:1
FNH:1
FNDA:2,App
DA:6,2
LF:1
LH:1
BRF:0
BRH:0
end_of_record
TN:
SF:src\featuresPageData.ts
FNF:0
FNH:0
DA:6,1
DA:33,1
DA:46,1
LF:3
LH:3
BRF:0
BRH:0
end_of_record
TN:
SF:src\goToTop.js
FN:5,GoToTop
FN:7,(anonymous_1)
FN:10,(anonymous_2)
FNF:3
FNH:0
FNDA:0,GoToTop
FNDA:0,(anonymous_1)
FNDA:0,(anonymous_2)
DA:6,0
DA:7,0
DA:8,0
DA:10,0
DA:11,0
DA:14,0
LF:6
LH:0
BRF:0
BRH:0
end_of_record
TN:
SF:src\index.tsx
FNF:0
FNH:0
DA:7,0
DA:17,0
LF:2
LH:0
BRF:0
BRH:0
end_of_record
TN:
SF:src\reportWebVitals.ts
FN:3,(anonymous_0)
FN:5,(anonymous_1)
FNF:2
FNH:0
FNDA:0,(anonymous_0)
FNDA:0,(anonymous_1)
DA:3,0
DA:4,0
DA:5,0
DA:6,0
DA:7,0
DA:8,0
DA:9,0
DA:10,0
LF:8
LH:0
BRDA:4,0,0,0
BRDA:4,0,1,0
BRDA:4,1,0,0
BRDA:4,1,1,0
BRF:4
BRH:0
end_of_record
TN:
SF:src\components\Banner.tsx
FN:1,(anonymous_0)
FN:10,(anonymous_1)
FNF:2
FNH:1
FNDA:2,(anonymous_0)
FNDA:0,(anonymous_1)
DA:1,1
DA:2,2
DA:4,2
DA:10,0
LF:4
LH:3
BRF:0
BRH:0
end_of_record
TN:
SF:src\components\Feature.tsx
FN:4,(anonymous_0)
FN:8,(anonymous_1)
FN:31,(anonymous_2)
FNF:3
FNH:1
FNDA:4,(anonymous_0)
FNDA:0,(anonymous_1)
FNDA:0,(anonymous_2)
DA:4,1
DA:5,4
DA:6,3
DA:8,3
DA:9,0
DA:15,3
DA:31,0
LF:7
LH:5
BRF:0
BRH:0
end_of_record
TN:
SF:src\components\FeatureGrid.tsx
FN:3,(anonymous_0)
FN:8,(anonymous_1)
FNF:2
FNH:2
FNDA:2,(anonymous_0)
FNDA:3,(anonymous_1)
DA:3,1
DA:4,2
DA:6,1
DA:9,3
LF:4
LH:4
BRF:0
BRH:0
end_of_record
TN:
SF:src\components\FeatureSection.tsx
FN:3,(anonymous_0)
FNF:1
FNH:1
FNDA:2,(anonymous_0)
DA:3,1
DA:4,2
DA:6,1
LF:3
LH:3
BRF:0
BRH:0
end_of_record
TN:
SF:src\components\HomePage.tsx
FN:9,(anonymous_0)
FNF:1
FNH:1
FNDA:2,(anonymous_0)
DA:9,1
DA:10,2
DA:12,1
LF:3
LH:3
BRF:0
BRH:0
end_of_record
TN:
SF:src\components\Modal.tsx
FN:3,(anonymous_0)
FNF:1
FNH:1
FNDA:1,(anonymous_0)
DA:3,1
DA:4,1
DA:5,1
LF:3
LH:3
BRDA:5,0,0,0
BRDA:5,0,1,1
BRF:2
BRH:1
end_of_record
TN:
SF:src\components\MovieLounge.tsx
FN:7,(anonymous_0)
FN:13,(anonymous_1)
FN:27,(anonymous_2)
FNF:3
FNH:2
FNDA:2,(anonymous_0)
FNDA:0,(anonymous_1)
FNDA:1,(anonymous_2)
DA:7,1
DA:8,2
DA:9,1
DA:11,1
DA:13,1
DA:14,0
DA:17,1
DA:28,1
LF:8
LH:7
BRF:0
BRH:0
end_of_record
TN:
SF:src\components\MovieHall\Checkout.tsx
FN:5,(anonymous_0)
FN:11,(anonymous_1)
FN:44,(anonymous_2)
FNF:3
FNH:3
FNDA:3,(anonymous_0)
FNDA:1,(anonymous_1)
FNDA:1,(anonymous_2)
DA:5,2
DA:6,3
DA:7,3
DA:8,3
DA:9,3
DA:11,3
DA:12,1
DA:14,1
DA:15,0
DA:19,0
DA:22,1
DA:28,3
DA:44,1
LF:13
LH:11
BRDA:14,0,0,0
BRDA:14,0,1,1
BRF:2
BRH:1
end_of_record
TN:
SF:src\components\MovieHall\Seat.tsx
FN:6,(anonymous_0)
FN:10,(anonymous_1)
FN:20,(anonymous_2)
FN:33,(anonymous_3)
FNF:4
FNH:4
FNDA:6,(anonymous_0)
FNDA:5,(anonymous_1)
FNDA:2,(anonymous_2)
FNDA:2,(anonymous_3)
DA:6,2
DA:7,6
DA:8,6
DA:10,6
DA:11,5
DA:12,1
DA:14,4
DA:15,2
DA:17,2
DA:20,6
DA:21,2
DA:24,6
DA:33,2
LF:13
LH:13
BRDA:11,0,0,1
BRDA:11,0,1,4
BRDA:14,1,0,2
BRDA:14,1,1,2
BRDA:21,2,0,2
BRDA:21,2,1,1
BRDA:27,3,0,5
BRDA:27,3,1,1
BRF:8
BRH:8
end_of_record
TN:
SF:src\components\MovieHall\Theater.tsx
FN:9,(anonymous_0)
FN:20,(anonymous_1)
FN:22,(anonymous_2)
FN:24,(anonymous_3)
FN:32,(anonymous_4)
FN:52,(anonymous_5)
FN:59,(anonymous_6)
FN:83,(anonymous_7)
FN:84,(anonymous_8)
FN:99,(anonymous_9)
FN:107,(anonymous_10)
FN:114,(anonymous_11)
FNF:12
FNH:0
FNDA:0,(anonymous_0)
FNDA:0,(anonymous_1)
FNDA:0,(anonymous_2)
FNDA:0,(anonymous_3)
FNDA:0,(anonymous_4)
FNDA:0,(anonymous_5)
FNDA:0,(anonymous_6)
FNDA:0,(anonymous_7)
FNDA:0,(anonymous_8)
FNDA:0,(anonymous_9)
FNDA:0,(anonymous_10)
FNDA:0,(anonymous_11)
DA:9,1
DA:10,0
DA:11,0
DA:12,0
DA:13,0
DA:15,0
DA:16,0
DA:17,0
DA:18,0
DA:20,0
DA:21,0
DA:22,0
DA:23,0
DA:24,0
DA:25,0
DA:26,0
DA:27,0
DA:28,0
DA:29,0
DA:32,0
DA:33,0
DA:34,0
DA:37,0
DA:39,0
DA:40,0
DA:42,0
DA:44,0
DA:47,0
DA:49,0
DA:52,0
DA:53,0
DA:59,0
DA:60,0
DA:63,0
DA:66,0
DA:67,0
DA:83,0
DA:84,0
DA:100,0
DA:108,0
DA:115,0
LF:41
LH:1
BRDA:13,0,0,0
BRDA:13,0,1,0
BRDA:16,1,0,0
BRDA:16,1,1,0
BRDA:17,2,0,0
BRDA:17,2,1,0
BRDA:23,3,0,0
BRDA:23,3,1,0
BRDA:25,4,0,0
BRDA:25,4,1,0
BRDA:27,5,0,0
BRDA:27,5,1,0
BRDA:33,6,0,0
BRDA:33,6,1,0
BRF:14
BRH:0
end_of_record
